# JRE version: Java(TM) SE Runtime Environment (8.0_162-b12) (build 1.8.0_162-b12)
# Java VM: Java HotSpot(TM) 64-Bit Server VM (25.162-b12 mixed mode windows-amd64 compressed oops)
Heap:
 PSYoungGen      total 100864K, used 3692K [0x000000076b580000, 0x0000000775400000, 0x00000007c0000000)
  eden space 90112K, 4% used [0x000000076b580000,0x000000076b91b298,0x0000000770d80000)
  from space 10752K, 0% used [0x0000000770d80000,0x0000000770d80000,0x0000000771800000)
  to   space 14336K, 0% used [0x0000000774600000,0x0000000774600000,0x0000000775400000)
 ParOldGen       total 117248K, used 18306K [0x00000006c2000000, 0x00000006c9280000, 0x000000076b580000)
  object space 117248K, 15% used [0x00000006c2000000,0x00000006c31e0a28,0x00000006c9280000)
 Metaspace       used 34206K, capacity 35940K, committed 36096K, reserved 1081344K
  class space    used 4783K, capacity 5053K, committed 5120K, reserved 1048576K
GC Heap History (10 events):
Event: 2.226 GC heap before
{Heap before GC invocations=3 (full 1):
 PSYoungGen      total 75776K, used 10732K [0x000000076b580000, 0x0000000770a00000, 0x00000007c0000000)
  eden space 65024K, 0% used [0x000000076b580000,0x000000076b580000,0x000000076f500000)
  from space 10752K, 99% used [0x000000076ff80000,0x00000007709fb3c8,0x0000000770a00000)
  to   space 10752K, 0% used [0x000000076f500000,0x000000076f500000,0x000000076ff80000)
 ParOldGen       total 173568K, used 595K [0x00000006c2000000, 0x00000006cc980000, 0x000000076b580000)
  object space 173568K, 0% used [0x00000006c2000000,0x00000006c2094f38,0x00000006cc980000)
 Metaspace       used 20130K, capacity 21218K, committed 21296K, reserved 1067008K
  class space    used 2714K, capacity 2898K, committed 2944K, reserved 1048576K
Event: 2.255 GC heap after
Heap after GC invocations=3 (full 1):
 PSYoungGen      total 75776K, used 0K [0x000000076b580000, 0x0000000770a00000, 0x00000007c0000000)
  eden space 65024K, 0% used [0x000000076b580000,0x000000076b580000,0x000000076f500000)
  from space 10752K, 0% used [0x000000076ff80000,0x000000076ff80000,0x0000000770a00000)
  to   space 10752K, 0% used [0x000000076f500000,0x000000076f500000,0x000000076ff80000)
 ParOldGen       total 117248K, used 10810K [0x00000006c2000000, 0x00000006c9280000, 0x000000076b580000)
  object space 117248K, 9% used [0x00000006c2000000,0x00000006c2a8e910,0x00000006c9280000)
 Metaspace       used 20130K, capacity 21218K, committed 21296K, reserved 1067008K
  class space    used 2714K, capacity 2898K, committed 2944K, reserved 1048576K
}
Event: 2.687 GC heap before
{Heap before GC invocations=4 (full 1):
 PSYoungGen      total 75776K, used 65024K [0x000000076b580000, 0x0000000770a00000, 0x00000007c0000000)
  eden space 65024K, 100% used [0x000000076b580000,0x000000076f500000,0x000000076f500000)
  from space 10752K, 0% used [0x000000076ff80000,0x000000076ff80000,0x0000000770a00000)
  to   space 10752K, 0% used [0x000000076f500000,0x000000076f500000,0x000000076ff80000)
 ParOldGen       total 117248K, used 10810K [0x00000006c2000000, 0x00000006c9280000, 0x000000076b580000)
  object space 117248K, 9% used [0x00000006c2000000,0x00000006c2a8e910,0x00000006c9280000)
 Metaspace       used 23329K, capacity 24666K, committed 24832K, reserved 1071104K
  class space    used 3233K, capacity 3464K, committed 3584K, reserved 1048576K
Event: 2.691 GC heap after
Heap after GC invocations=4 (full 1):
 PSYoungGen      total 75776K, used 6147K [0x000000076b580000, 0x0000000772280000, 0x00000007c0000000)
  eden space 65024K, 0% used [0x000000076b580000,0x000000076b580000,0x000000076f500000)
  from space 10752K, 57% used [0x000000076f500000,0x000000076fb00fa0,0x000000076ff80000)
  to   space 10752K, 0% used [0x0000000771800000,0x0000000771800000,0x0000000772280000)
 ParOldGen       total 117248K, used 10818K [0x00000006c2000000, 0x00000006c9280000, 0x000000076b580000)
  object space 117248K, 9% used [0x00000006c2000000,0x00000006c2a90910,0x00000006c9280000)
 Metaspace       used 23329K, capacity 24666K, committed 24832K, reserved 1071104K
  class space    used 3233K, capacity 3464K, committed 3584K, reserved 1048576K
}
Event: 3.445 GC heap before
{Heap before GC invocations=5 (full 1):
 PSYoungGen      total 75776K, used 71171K [0x000000076b580000, 0x0000000772280000, 0x00000007c0000000)
  eden space 65024K, 100% used [0x000000076b580000,0x000000076f500000,0x000000076f500000)
  from space 10752K, 57% used [0x000000076f500000,0x000000076fb00fa0,0x000000076ff80000)
  to   space 10752K, 0% used [0x0000000771800000,0x0000000771800000,0x0000000772280000)
 ParOldGen       total 117248K, used 10818K [0x00000006c2000000, 0x00000006c9280000, 0x000000076b580000)
  object space 117248K, 9% used [0x00000006c2000000,0x00000006c2a90910,0x00000006c9280000)
 Metaspace       used 28418K, capacity 30116K, committed 30208K, reserved 1075200K
  class space    used 3999K, capacity 4267K, committed 4352K, reserved 1048576K
Event: 3.451 GC heap after
Heap after GC invocations=5 (full 1):
 PSYoungGen      total 100864K, used 9444K [0x000000076b580000, 0x0000000772300000, 0x00000007c0000000)
  eden space 90112K, 0% used [0x000000076b580000,0x000000076b580000,0x0000000770d80000)
  from space 10752K, 87% used [0x0000000771800000,0x0000000772139280,0x0000000772280000)
  to   space 10752K, 0% used [0x0000000770d80000,0x0000000770d80000,0x0000000771800000)
 ParOldGen       total 117248K, used 10826K [0x00000006c2000000, 0x00000006c9280000, 0x000000076b580000)
  object space 117248K, 9% used [0x00000006c2000000,0x00000006c2a92910,0x00000006c9280000)
 Metaspace       used 28418K, capacity 30116K, committed 30208K, reserved 1075200K
  class space    used 3999K, capacity 4267K, committed 4352K, reserved 1048576K
}
Event: 3.876 GC heap before
{Heap before GC invocations=6 (full 1):
 PSYoungGen      total 100864K, used 63064K [0x000000076b580000, 0x0000000772300000, 0x00000007c0000000)
  eden space 90112K, 59% used [0x000000076b580000,0x000000076e9dcdf8,0x0000000770d80000)
  from space 10752K, 87% used [0x0000000771800000,0x0000000772139280,0x0000000772280000)
  to   space 10752K, 0% used [0x0000000770d80000,0x0000000770d80000,0x0000000771800000)
 ParOldGen       total 117248K, used 10826K [0x00000006c2000000, 0x00000006c9280000, 0x000000076b580000)
  object space 117248K, 9% used [0x00000006c2000000,0x00000006c2a92910,0x00000006c9280000)
 Metaspace       used 33750K, capacity 35406K, committed 35456K, reserved 1079296K
  class space    used 4707K, capacity 4958K, committed 4992K, reserved 1048576K
Event: 3.886 GC heap after
Heap after GC invocations=6 (full 1):
 PSYoungGen      total 100864K, used 10720K [0x000000076b580000, 0x0000000775400000, 0x00000007c0000000)
  eden space 90112K, 0% used [0x000000076b580000,0x000000076b580000,0x0000000770d80000)
  from space 10752K, 99% used [0x0000000770d80000,0x00000007717f8068,0x0000000771800000)
  to   space 14336K, 0% used [0x0000000774600000,0x0000000774600000,0x0000000775400000)
 ParOldGen       total 117248K, used 12565K [0x00000006c2000000, 0x00000006c9280000, 0x000000076b580000)
  object space 117248K, 10% used [0x00000006c2000000,0x00000006c2c456f0,0x00000006c9280000)
 Metaspace       used 33750K, capacity 35406K, committed 35456K, reserved 1079296K
  class space    used 4707K, capacity 4958K, committed 4992K, reserved 1048576K
}
Event: 3.886 GC heap before
{Heap before GC invocations=7 (full 2):
 PSYoungGen      total 100864K, used 10720K [0x000000076b580000, 0x0000000775400000, 0x00000007c0000000)
  eden space 90112K, 0% used [0x000000076b580000,0x000000076b580000,0x0000000770d80000)
  from space 10752K, 99% used [0x0000000770d80000,0x00000007717f8068,0x0000000771800000)
  to   space 14336K, 0% used [0x0000000774600000,0x0000000774600000,0x0000000775400000)
 ParOldGen       total 117248K, used 12565K [0x00000006c2000000, 0x00000006c9280000, 0x000000076b580000)
  object space 117248K, 10% used [0x00000006c2000000,0x00000006c2c456f0,0x00000006c9280000)
 Metaspace       used 33750K, capacity 35406K, committed 35456K, reserved 1079296K
  class space    used 4707K, capacity 4958K, committed 4992K, reserved 1048576K
Event: 3.925 GC heap after
Heap after GC invocations=7 (full 2):
 PSYoungGen      total 100864K, used 0K [0x000000076b580000, 0x0000000775400000, 0x00000007c0000000)
  eden space 90112K, 0% used [0x000000076b580000,0x000000076b580000,0x0000000770d80000)
  from space 10752K, 0% used [0x0000000770d80000,0x0000000770d80000,0x0000000771800000)
  to   space 14336K, 0% used [0x0000000774600000,0x0000000774600000,0x0000000775400000)
 ParOldGen       total 117248K, used 18306K [0x00000006c2000000, 0x00000006c9280000, 0x000000076b580000)
  object space 117248K, 15% used [0x00000006c2000000,0x00000006c31e0a28,0x00000006c9280000)
 Metaspace       used 33745K, capacity 35394K, committed 35456K, reserved 1079296K
  class space    used 4705K, capacity 4956K, committed 4992K, reserved 1048576K
}

